mar. jun. 29 14:04:19 2021: Starting Cisco Packet Tracer 7.3.1.0362
mar. jun. 29 14:04:19 2021: e:\cygdrive\e\eng-jenkins\workspace\team_ca-csr-sm-le-sgme\m_sgme_pt731_win64\engine\ipc\ccep.cpp(349):WARN  - Forced an exapp to be MANDATORY at run-time.
mar. jun. 29 14:04:19 2021: e:\cygdrive\e\eng-jenkins\workspace\team_ca-csr-sm-le-sgme\m_sgme_pt731_win64\engine\ipc\ccep.cpp(349):WARN  - Forced an exapp to be MANDATORY at run-time.
mar. jun. 29 14:04:27 2021: Script Module starting: 
mar. jun. 29 14:04:28 2021: Opening file: C:\Users\arane\OneDrive\Escritorio\Universidad\semestre 7\ssoo\tareas\T3\main.pkt
mar. jun. 29 14:04:30 2021: Changed device name:  to Casa Alumno
mar. jun. 29 14:04:30 2021: Changed device name:  to Power Distribution Device0
mar. jun. 29 14:04:30 2021: Changed device name:  to Laptop0
mar. jun. 29 14:04:30 2021: Changed device name:  to PC0
mar. jun. 29 14:04:30 2021: Changed device name:  to Ruzpedia
mar. jun. 29 14:04:30 2021: Changed device name:  to RuzPedia
mar. jun. 29 14:04:30 2021: Changed device name:  to Laptop0(1)
mar. jun. 29 14:04:30 2021: Changed device name:  to DNSGateway
mar. jun. 29 14:04:30 2021: Changed device name:  to Server0
mar. jun. 29 14:04:30 2021: Changed device name:  to Router1
mar. jun. 29 14:04:31 2021: Script Module stopping: File
mar. jun. 29 14:04:31 2021: Script Module starting: File
mar. jun. 29 14:04:31 2021: File opened successfully.
mar. jun. 29 14:04:32 2021: Script Module starting: net.netacad.cisco.ActivitySequenceEditor
mar. jun. 29 14:04:32 2021: Script Module starting: net.netacad.cisco.ActivitySequencer
mar. jun. 29 14:04:32 2021: Script Module starting: net.netacad.cisco.clearTerminalAgent
mar. jun. 29 14:04:32 2021: Script Module starting: net.netacad.cisco.Marvel
mar. jun. 29 14:04:32 2021: Script Module starting: net.netacad.cisco.PcSoftware
mar. jun. 29 14:04:32 2021: Script Module starting: net.netacad.cisco.PTINTERNAL
mar. jun. 29 14:04:32 2021: Script Module starting: net.netacad.cisco.resource
mar. jun. 29 14:04:32 2021: e:\cygdrive\e\eng-jenkins\workspace\team_ca-csr-sm-le-sgme\m_sgme_pt731_win64\engine\ipc\ccep.cpp(349):WARN  - Forced an exapp to be MANDATORY at run-time.
mar. jun. 29 14:04:46 2021: Link created: Laptop0(1) Wireless0 to Ruzpedia Wireless, 8109
mar. jun. 29 14:04:46 2021: Link created: Laptop0 Wireless0 to Ruzpedia Wireless, 8109
mar. jun. 29 14:05:25 2021: Link created: Laptop0 Wireless0 to Casa Alumno Wireless, 8109
mar. jun. 29 14:31:43 2021: Router1: main> enable
mar. jun. 29 14:31:43 2021: Router1: main# configure terminal
mar. jun. 29 14:31:44 2021: Router1: main(config)# router rip
mar. jun. 29 14:31:48 2021: Router1: main(config-router)# end
mar. jun. 29 14:31:48 2021: Router1: main# configure terminal
mar. jun. 29 14:31:48 2021: Router1: main(config)# interface GigabitEthernet0/2/3
mar. jun. 29 14:31:53 2021: Router1: main(config-if)# exit
mar. jun. 29 14:31:53 2021: Router1: main(config)# interface GigabitEthernet0/2/3
mar. jun. 29 14:31:53 2021: Router1: main(config-if)# exit
mar. jun. 29 14:31:53 2021: Router1: main(config)# interface GigabitEthernet0/2/0
mar. jun. 29 14:31:54 2021: Router1: main(config-if)# exit
mar. jun. 29 14:31:54 2021: Router1: main(config)# interface GigabitEthernet0/2/2
mar. jun. 29 14:31:54 2021: Router1: main(config-if)# exit
mar. jun. 29 14:31:54 2021: Router1: main(config)# interface GigabitEthernet0/2/1
mar. jun. 29 14:31:56 2021: Router1: main(config-if)# exit
mar. jun. 29 14:31:56 2021: Router1: main(config)# interface GigabitEthernet0/1/2
mar. jun. 29 14:31:56 2021: Router1: main(config-if)# exit
mar. jun. 29 14:31:56 2021: Router1: main(config)# interface GigabitEthernet0/1/0
mar. jun. 29 14:31:57 2021: Router1: main(config-if)# exit
mar. jun. 29 14:31:58 2021: Router1: main(config)# router rip
mar. jun. 29 14:31:59 2021: Router1: main(config-router)# end
mar. jun. 29 14:31:59 2021: Router1: main# vlan database
mar. jun. 29 14:32:05 2021: Router1: main(vlan)# exit
mar. jun. 29 14:32:05 2021: Router1: main# configure terminal
mar. jun. 29 14:32:05 2021: Router1: main(config)# interface GigabitEthernet0/0/0
mar. jun. 29 14:32:07 2021: Router1: main(config-if)# exit
mar. jun. 29 14:32:07 2021: Router1: main(config)# interface GigabitEthernet0/0/1
mar. jun. 29 14:32:08 2021: Router1: main(config-if)# exit
mar. jun. 29 14:32:08 2021: Router1: main(config)# interface FastEthernet0/0/0
mar. jun. 29 14:32:09 2021: Router1: main(config-if)# exit
mar. jun. 29 14:32:09 2021: Router1: main(config)# interface GigabitEthernet0/1/0
mar. jun. 29 14:32:09 2021: Router1: main(config-if)# exit
mar. jun. 29 14:32:09 2021: Router1: main(config)# interface GigabitEthernet0/1/1
mar. jun. 29 14:32:10 2021: Router1: main(config-if)# exit
mar. jun. 29 14:32:10 2021: Router1: main(config)# interface GigabitEthernet0/1/2
mar. jun. 29 14:32:10 2021: Router1: main(config-if)# exit
mar. jun. 29 14:32:10 2021: Router1: main(config)# interface GigabitEthernet0/1/3
mar. jun. 29 14:32:11 2021: Router1: main(config-if)# exit
mar. jun. 29 14:32:11 2021: Router1: main(config)# interface GigabitEthernet0/2/1
mar. jun. 29 14:32:12 2021: Router1: main(config-if)# exit
mar. jun. 29 14:32:12 2021: Router1: main(config)# interface GigabitEthernet0/2/2
mar. jun. 29 14:32:12 2021: Router1: main(config-if)# exit
mar. jun. 29 14:32:12 2021: Router1: main(config)# interface GigabitEthernet0/2/3
mar. jun. 29 14:32:17 2021: Router1: main(config-if)# exit
mar. jun. 29 14:32:17 2021: Router1: main(config)# interface GigabitEthernet0/2/3
mar. jun. 29 14:32:20 2021: Router1: main(config-if)# exit
mar. jun. 29 14:32:20 2021: Router1: main(config)# interface GigabitEthernet0/2/3
mar. jun. 29 14:32:36 2021: Router1: main(config-if)# end
mar. jun. 29 14:32:36 2021: Router1: main# vlan database
mar. jun. 29 14:32:40 2021: Router1: main(vlan)# exit
mar. jun. 29 14:32:40 2021: Router1: main# configure terminal
mar. jun. 29 14:32:40 2021: Router1: main(config)# router rip
mar. jun. 29 14:32:41 2021: Router1: main(config-router)# end
mar. jun. 29 14:32:41 2021: Router1: main# configure terminal
mar. jun. 29 14:33:02 2021: Link deleted: Router1 GigabitEthernet0/1/0 to DNSGateway Internet, 8100
mar. jun. 29 14:33:02 2021: Link deleted: Server0 FastEthernet0 to DNSGateway Ethernet 4, 8100
mar. jun. 29 14:33:02 2021: Removed device: DNSGateway
mar. jun. 29 14:33:02 2021: e:\cygdrive\e\eng-jenkins\workspace\team_ca-csr-sm-le-sgme\m_sgme_pt731_win64\gui\common\cursorbank.cpp(52):INFO  - Cursor: ../art/Cursors/cOpenHand.png, Offset: 0 x 0, Size: 32 x 32, DPR: 2
mar. jun. 29 14:33:02 2021: e:\cygdrive\e\eng-jenkins\workspace\team_ca-csr-sm-le-sgme\m_sgme_pt731_win64\gui\common\cursorbank.cpp(52):INFO  - Cursor: ../art/Cursors/cClosedHand.png, Offset: 0 x 0, Size: 32 x 32, DPR: 2
mar. jun. 29 14:33:02 2021: e:\cygdrive\e\eng-jenkins\workspace\team_ca-csr-sm-le-sgme\m_sgme_pt731_win64\gui\common\cursorbank.cpp(52):INFO  - Cursor: ../art/Cursors/cConnect.svg, Offset: 1 x 1, Size: 32 x 32, DPR: 2
mar. jun. 29 14:33:02 2021: e:\cygdrive\e\eng-jenkins\workspace\team_ca-csr-sm-le-sgme\m_sgme_pt731_win64\gui\common\cursorbank.cpp(52):INFO  - Cursor: ../art/Cursors/cTargetX.svg, Offset: 8 x 8, Size: 32 x 32, DPR: 2
mar. jun. 29 14:33:03 2021: e:\cygdrive\e\eng-jenkins\workspace\team_ca-csr-sm-le-sgme\m_sgme_pt731_win64\gui\common\cursorbank.cpp(52):INFO  - Cursor: ../art/Cursors/cAddDevice.svg, Offset: 8 x 8, Size: 32 x 32, DPR: 2
mar. jun. 29 14:33:03 2021: e:\cygdrive\e\eng-jenkins\workspace\team_ca-csr-sm-le-sgme\m_sgme_pt731_win64\gui\common\cursorbank.cpp(52):INFO  - Cursor: ../art/Cursors/cInspect.svg, Offset: 8 x 8, Size: 32 x 32, DPR: 2
mar. jun. 29 14:33:03 2021: e:\cygdrive\e\eng-jenkins\workspace\team_ca-csr-sm-le-sgme\m_sgme_pt731_win64\gui\common\cursorbank.cpp(52):INFO  - Cursor: ../art/Cursors/cAddPacket.svg, Offset: 5 x 5, Size: 32 x 32, DPR: 2
mar. jun. 29 14:33:03 2021: e:\cygdrive\e\eng-jenkins\workspace\team_ca-csr-sm-le-sgme\m_sgme_pt731_win64\gui\common\cursorbank.cpp(52):INFO  - Cursor: ../art/Cursors/cResize.svg, Offset: 8 x 8, Size: 32 x 32, DPR: 2
mar. jun. 29 14:33:03 2021: e:\cygdrive\e\eng-jenkins\workspace\team_ca-csr-sm-le-sgme\m_sgme_pt731_win64\gui\common\cursorbank.cpp(52):INFO  - Cursor: ../art/Cursors/cPencil.svg, Offset: 8 x 8, Size: 32 x 32, DPR: 2
mar. jun. 29 14:33:03 2021: e:\cygdrive\e\eng-jenkins\workspace\team_ca-csr-sm-le-sgme\m_sgme_pt731_win64\gui\common\cursorbank.cpp(52):INFO  - Cursor: ../art/Cursors/cDrawingcross.svg, Offset: 8 x 8, Size: 32 x 32, DPR: 2
mar. jun. 29 14:33:10 2021: Changed device name:  to Router1
mar. jun. 29 14:33:10 2021: Changed device name: Router1 to Router1(1)
mar. jun. 29 14:33:10 2021: Created device: Router1(1) model: ISR4331
mar. jun. 29 14:33:32 2021: Link created: Router1(1) GigabitEthernet0/1/0 to Router1 GigabitEthernet0/1/0, 8100
mar. jun. 29 14:33:50 2021: Link created: Server0 FastEthernet0 to Router1(1) GigabitEthernet0/0/0, 8101
mar. jun. 29 14:33:53 2021: Changed device name:  to Router1(1)
mar. jun. 29 14:33:53 2021: Changed device name: Router1(1) to Router1(1)(1)
mar. jun. 29 14:33:53 2021: Created device: Router1(1)(1) model: ISR4331
mar. jun. 29 14:34:54 2021: Changed device name:  to Router0
mar. jun. 29 14:34:54 2021: Created device: Router0 model: Router-PT-Empty
mar. jun. 29 14:34:56 2021: Removed device: Router0
mar. jun. 29 14:34:57 2021: Changed device name:  to Router2
mar. jun. 29 14:34:57 2021: Created device: Router2 model: Router-PT
mar. jun. 29 14:34:58 2021: Removed device: Router2
mar. jun. 29 14:34:59 2021: Changed device name:  to Router3
mar. jun. 29 14:35:00 2021: Created device: Router3 model: 2811
mar. jun. 29 14:35:00 2021: Removed device: Router3
mar. jun. 29 14:35:05 2021: Changed device name:  to Router4
mar. jun. 29 14:35:05 2021: Created device: Router4 model: 1841
mar. jun. 29 14:35:06 2021: Changed device name:  to Router5
mar. jun. 29 14:35:06 2021: Created device: Router5 model: 2621XM
mar. jun. 29 14:35:07 2021: Changed device name:  to Router6
mar. jun. 29 14:35:07 2021: Created device: Router6 model: 2811
mar. jun. 29 14:35:09 2021: Changed device name:  to Router7
mar. jun. 29 14:35:09 2021: Created device: Router7 model: 2811
mar. jun. 29 14:35:10 2021: Changed device name:  to Router8
mar. jun. 29 14:35:10 2021: Created device: Router8 model: 2811
mar. jun. 29 14:35:13 2021: Removed device: Router8
mar. jun. 29 14:35:13 2021: Removed device: Router6
mar. jun. 29 14:35:14 2021: Removed device: Router4
mar. jun. 29 14:35:14 2021: Removed device: Router5
mar. jun. 29 14:35:14 2021: Removed device: Router7
mar. jun. 29 14:35:44 2021: Changed device name:  to Wireless Router0
mar. jun. 29 14:35:44 2021: Created device: Wireless Router0 model: HomeRouter-PT-AC
mar. jun. 29 14:37:01 2021: Removed device: Wireless Router0
mar. jun. 29 14:37:20 2021: Changed device name:  to Wireless Router0
mar. jun. 29 14:37:20 2021: Created device: Wireless Router0 model: Linksys-WRT300N
mar. jun. 29 14:37:23 2021: Removed device: Wireless Router0
mar. jun. 29 14:37:27 2021: Changed device name:  to Security Appliance0
mar. jun. 29 14:37:27 2021: Created device: Security Appliance0 model: Meraki-MX65W
mar. jun. 29 14:38:58 2021: Link created: Laptop0(1) Wireless0 to Ruzpedia Wireless, 8109
mar. jun. 29 14:39:04 2021: Link created: Laptop0(1) Wireless0 to Ruzpedia Wireless, 8109
mar. jun. 29 14:39:07 2021: Link created: Laptop0(1) Wireless0 to Casa Alumno Wireless, 8109
mar. jun. 29 14:39:09 2021: Link created: Laptop0(1) Wireless0 to Security Appliance0 Wireless, 8109
mar. jun. 29 14:39:17 2021: Link deleted: Router1 GigabitEthernet0/1/2 to Ruzpedia Internet, 8100
mar. jun. 29 14:39:17 2021: Link deleted: Ruzpedia Ethernet 1 to RuzPedia FastEthernet0, 8100
mar. jun. 29 14:39:17 2021: Removed device: Ruzpedia
mar. jun. 29 14:39:34 2021: Removed device: Router1(1)(1)
mar. jun. 29 14:39:41 2021: Link created: Router1 GigabitEthernet0/1/2 to Security Appliance0 GigabitEthernet 3, 8100
mar. jun. 29 14:39:49 2021: Link created: RuzPedia FastEthernet0 to Security Appliance0 GigabitEthernet 4, 8100
mar. jun. 29 14:40:14 2021: Router1(1): main> enable
mar. jun. 29 14:40:14 2021: Router1(1): main# configure terminal
mar. jun. 29 14:40:14 2021: Router1(1): main(config)# interface FastEthernet0/0/0
mar. jun. 29 14:40:21 2021: Changed device name: Router1(1) to N
mar. jun. 29 14:40:22 2021: Changed device name: N to NS
mar. jun. 29 14:40:22 2021: Changed device name: NS to N
mar. jun. 29 14:40:23 2021: Changed device name: N to D
mar. jun. 29 14:40:23 2021: Changed device name: D to DN
mar. jun. 29 14:40:23 2021: Changed device name: DN to DNS
mar. jun. 29 14:40:24 2021: Changed device name: DNS to DNSr
mar. jun. 29 14:40:24 2021: Changed device name: DNSr to DNSro
mar. jun. 29 14:40:24 2021: Changed device name: DNSro to DNSrou
mar. jun. 29 14:40:24 2021: Changed device name: DNSrou to DNSrout
mar. jun. 29 14:40:24 2021: Changed device name: DNSrout to DNSroute
mar. jun. 29 14:40:25 2021: Changed device name: DNSroute to DNSrouter
mar. jun. 29 14:40:27 2021: Changed device name: DNSrouter to DNSouter
mar. jun. 29 14:40:29 2021: Changed device name: DNSouter to DNSRouter
mar. jun. 29 14:40:30 2021: Changed device name: DNSRouter to DNSRoter
mar. jun. 29 14:40:30 2021: Changed device name: DNSRoter to DNSRter
mar. jun. 29 14:40:31 2021: Changed device name: DNSRter to DNSReter
mar. jun. 29 14:40:31 2021: Changed device name: DNSReter to DNSReuter
mar. jun. 29 14:40:33 2021: Changed device name: DNSReuter to DNSReutter
mar. jun. 29 14:40:38 2021: DNSReutter: main(config-if)# exit
mar. jun. 29 14:40:38 2021: DNSReutter: main(config)# interface FastEthernet0/0/0
mar. jun. 29 14:40:40 2021: DNSReutter: main(config-if)# exit
mar. jun. 29 14:40:41 2021: DNSReutter: main(config)# end
mar. jun. 29 14:40:41 2021: DNSReutter: main# vlan database
mar. jun. 29 14:40:44 2021: DNSReutter: main(vlan)# exit
mar. jun. 29 14:40:44 2021: DNSReutter: main# configure terminal
mar. jun. 29 14:40:44 2021: DNSReutter: main(config)# router rip
mar. jun. 29 14:40:45 2021: DNSReutter: main(config-router)# end
mar. jun. 29 14:40:45 2021: DNSReutter: main# configure terminal
mar. jun. 29 14:40:45 2021: DNSReutter: main(config)# router rip
mar. jun. 29 14:40:45 2021: DNSReutter: main(config-router)# end
mar. jun. 29 14:40:45 2021: DNSReutter: main# configure terminal
mar. jun. 29 14:41:18 2021: Router1: main(config)# router rip
mar. jun. 29 14:41:19 2021: Router1: main(config-router)# end
mar. jun. 29 14:41:19 2021: Router1: main# configure terminal
mar. jun. 29 14:43:03 2021: Router1: main(config)# ip route 192.168.1.0 255.255.255.0 3.3.0.1
mar. jun. 29 14:43:41 2021: Router1: main(config)# ip route 3.3.0.0 255.255.0.0 192.168.1.1
mar. jun. 29 14:43:48 2021: DNSReutter: main(config)# interface FastEthernet0/0/0
mar. jun. 29 14:43:49 2021: DNSReutter: main(config-if)# exit
mar. jun. 29 14:44:38 2021: DNSReutter: main(config)# ip route 3.3.0.0 255.255.0.0 67.67.67.1
mar. jun. 29 14:44:46 2021: Router1: main(config)# router rip
mar. jun. 29 14:44:47 2021: Router1: main(config-router)# end
mar. jun. 29 14:44:47 2021: Router1: main# vlan database
mar. jun. 29 14:44:48 2021: Router1: main(vlan)# exit
mar. jun. 29 14:44:48 2021: Router1: main# configure terminal
mar. jun. 29 14:44:48 2021: Router1: main(config)# interface GigabitEthernet0/0/0
mar. jun. 29 14:44:49 2021: Router1: main(config-if)# exit
mar. jun. 29 14:44:49 2021: Router1: main(config)# router rip
mar. jun. 29 14:44:50 2021: Router1: main(config-router)# end
mar. jun. 29 14:44:50 2021: Router1: main# configure terminal
mar. jun. 29 14:45:09 2021: Router1: main(config)# router rip
mar. jun. 29 14:45:12 2021: Router1: main(config-router)# end
mar. jun. 29 14:45:12 2021: Router1: main# vlan database
mar. jun. 29 14:45:14 2021: Router1: main(vlan)# exit
mar. jun. 29 14:45:14 2021: Router1: main# configure terminal
mar. jun. 29 14:45:14 2021: Router1: main(config)# interface GigabitEthernet0/0/0
mar. jun. 29 14:45:15 2021: Router1: main(config-if)# exit
mar. jun. 29 14:45:15 2021: Router1: main(config)# interface FastEthernet0/0/0
mar. jun. 29 14:45:19 2021: Router1: main(config-if)# exit
mar. jun. 29 14:45:19 2021: Router1: main(config)# interface GigabitEthernet0/1/0
mar. jun. 29 14:45:19 2021: Router1: main(config-if)# exit
mar. jun. 29 14:45:19 2021: Router1: main(config)# interface GigabitEthernet0/1/1
mar. jun. 29 14:45:20 2021: Router1: main(config-if)# exit
mar. jun. 29 14:45:20 2021: Router1: main(config)# interface GigabitEthernet0/1/1
mar. jun. 29 14:45:21 2021: Router1: main(config-if)# exit
mar. jun. 29 14:45:21 2021: Router1: main(config)# interface GigabitEthernet0/1/2
mar. jun. 29 14:45:21 2021: Router1: main(config-if)# exit
mar. jun. 29 14:45:21 2021: Router1: main(config)# interface GigabitEthernet0/1/3
mar. jun. 29 14:45:22 2021: Router1: main(config-if)# exit
mar. jun. 29 14:45:22 2021: Router1: main(config)# interface FastEthernet0/0/0
mar. jun. 29 14:45:29 2021: Link deleted: DNSReutter GigabitEthernet0/1/0 to Router1 GigabitEthernet0/1/0, 8100
mar. jun. 29 14:45:44 2021: Link created: DNSReutter GigabitEthernet0/1/0 to Router1 GigabitEthernet0/0/0, 8100
mar. jun. 29 14:45:55 2021: DNSReutter: main(config)# interface GigabitEthernet0/0/1
mar. jun. 29 14:45:58 2021: DNSReutter: main(config-if)# exit
mar. jun. 29 14:45:58 2021: DNSReutter: main(config)# interface GigabitEthernet0/0/1
mar. jun. 29 14:46:02 2021: DNSReutter: main(config-if)# exit
mar. jun. 29 14:46:02 2021: DNSReutter: main(config)# interface GigabitEthernet0/0/0
mar. jun. 29 14:46:03 2021: DNSReutter: main(config-if)# exit
mar. jun. 29 14:46:03 2021: DNSReutter: main(config)# interface FastEthernet0/0/0
mar. jun. 29 14:46:05 2021: DNSReutter: main(config-if)# exit
mar. jun. 29 14:46:05 2021: DNSReutter: main(config)# interface GigabitEthernet0/1/0
mar. jun. 29 14:46:05 2021: DNSReutter: main(config-if)# exit
mar. jun. 29 14:46:05 2021: DNSReutter: main(config)# interface GigabitEthernet0/1/1
mar. jun. 29 14:46:10 2021: DNSReutter: main(config-if)# switchport mode trunk
mar. jun. 29 14:46:12 2021: DNSReutter: main(config-if)# switchport mode access
mar. jun. 29 14:46:19 2021: DNSReutter: main(config-if)# exit
mar. jun. 29 14:46:19 2021: DNSReutter: main(config)# interface GigabitEthernet0/2/0
mar. jun. 29 14:46:20 2021: DNSReutter: main(config-if)# exit
mar. jun. 29 14:46:20 2021: DNSReutter: main(config)# interface GigabitEthernet0/2/1
mar. jun. 29 14:46:21 2021: DNSReutter: main(config-if)# exit
mar. jun. 29 14:46:21 2021: DNSReutter: main(config)# interface GigabitEthernet0/2/2
mar. jun. 29 14:46:21 2021: DNSReutter: main(config-if)# exit
mar. jun. 29 14:46:21 2021: DNSReutter: main(config)# interface GigabitEthernet0/2/3
mar. jun. 29 14:46:27 2021: DNSReutter: main(config-if)# exit
mar. jun. 29 14:46:27 2021: DNSReutter: main(config)# interface FastEthernet0/0/0
mar. jun. 29 14:46:28 2021: DNSReutter: main(config-if)# exit
mar. jun. 29 14:46:28 2021: DNSReutter: main(config)# interface GigabitEthernet0/0/0
mar. jun. 29 14:46:29 2021: DNSReutter: main(config-if)# exit
mar. jun. 29 14:46:29 2021: DNSReutter: main(config)# interface GigabitEthernet0/0/1
mar. jun. 29 14:46:30 2021: DNSReutter: main(config-if)# exit
mar. jun. 29 14:46:30 2021: DNSReutter: main(config)# interface GigabitEthernet0/0/1
mar. jun. 29 14:46:30 2021: DNSReutter: main(config-if)# exit
mar. jun. 29 14:46:30 2021: DNSReutter: main(config)# interface FastEthernet0/0/0
mar. jun. 29 14:46:31 2021: DNSReutter: main(config-if)# exit
mar. jun. 29 14:46:31 2021: DNSReutter: main(config)# interface GigabitEthernet0/0/1
mar. jun. 29 14:46:31 2021: DNSReutter: main(config-if)# exit
mar. jun. 29 14:46:31 2021: DNSReutter: main(config)# interface GigabitEthernet0/0/0
mar. jun. 29 14:46:32 2021: DNSReutter: main(config-if)# exit
mar. jun. 29 14:46:32 2021: DNSReutter: main(config)# interface GigabitEthernet0/0/1
mar. jun. 29 14:46:32 2021: DNSReutter: main(config-if)# exit
mar. jun. 29 14:46:32 2021: DNSReutter: main(config)# interface GigabitEthernet0/0/0
mar. jun. 29 14:46:36 2021: DNSReutter: main(config-if)# exit
mar. jun. 29 14:46:36 2021: DNSReutter: main(config)# interface GigabitEthernet0/0/1
mar. jun. 29 14:46:39 2021: DNSReutter: main(config-if)# exit
mar. jun. 29 14:46:39 2021: DNSReutter: main(config)# interface GigabitEthernet0/1/0
mar. jun. 29 14:46:40 2021: DNSReutter: main(config-if)# exit
mar. jun. 29 14:46:40 2021: DNSReutter: main(config)# interface GigabitEthernet0/1/1
mar. jun. 29 14:46:41 2021: DNSReutter: main(config-if)# exit
mar. jun. 29 14:46:41 2021: DNSReutter: main(config)# interface GigabitEthernet0/0/0
mar. jun. 29 14:46:43 2021: DNSReutter: main(config-if)# exit
mar. jun. 29 14:46:43 2021: DNSReutter: main(config)# interface GigabitEthernet0/1/1
mar. jun. 29 14:46:44 2021: DNSReutter: main(config-if)# shutdown
mar. jun. 29 14:46:47 2021: DNSReutter: main(config-if)# no shutdown
mar. jun. 29 14:46:48 2021: DNSReutter: main(config-if)# exit
mar. jun. 29 14:46:48 2021: DNSReutter: main(config)# interface GigabitEthernet0/0/1
mar. jun. 29 14:46:53 2021: DNSReutter: main(config-if)# exit
mar. jun. 29 14:46:53 2021: DNSReutter: main(config)# interface GigabitEthernet0/1/0
mar. jun. 29 14:46:56 2021: DNSReutter: main(config-if)# exit
mar. jun. 29 14:46:56 2021: DNSReutter: main(config)# interface GigabitEthernet0/0/1
mar. jun. 29 14:47:00 2021: DNSReutter: main(config-if)# exit
mar. jun. 29 14:47:00 2021: DNSReutter: main(config)# interface GigabitEthernet0/1/0
mar. jun. 29 14:47:01 2021: DNSReutter: main(config-if)# exit
mar. jun. 29 14:47:01 2021: DNSReutter: main(config)# interface GigabitEthernet0/1/1
mar. jun. 29 14:47:02 2021: DNSReutter: main(config-if)# exit
mar. jun. 29 14:47:02 2021: DNSReutter: main(config)# interface GigabitEthernet0/1/2
mar. jun. 29 14:48:56 2021: Link deleted: DNSReutter GigabitEthernet0/1/0 to Router1 GigabitEthernet0/0/0, 8100
